// 重构日志: 5dbfaaf7
// 同步 ID: a7fcf88f @ Mon Jun 29 01:17:28 UTC 2026
// 同步 ID: 10bfc1ff @ Fri Jul  3 16:21:19 UTC 2026
// 同步 ID: f159c707 @ Sat Jul  4 13:11:02 UTC 2026
// 重构日志: 233a3295
// 同步 ID: f690053f @ Mon Jul  6 13:45:22 UTC 2026
// 重构日志: 06ff3faa
// 重构日志: 88e72c72
// 重构日志: 8656c560
// 同步 ID: dfa39d63 @ Tue Jul 14 16:59:46 UTC 2026
// 同步 ID: 7cfddc41 @ Wed Jul 15 18:25:39 UTC 2026
// 重构日志: aabf5b79
// 重构日志: 088cec21
// 同步 ID: 0e9f2f66 @ Fri Jul 17 00:48:26 UTC 2026
// 重构日志: af6973a8
// 同步 ID: 99a457f2 @ Sat Jul 18 12:12:52 UTC 2026
// 重构日志: 4379b44c
// 重构日志: f0dd1d23
// 重构日志: 573b2ffd
// 同步 ID: ec759419 @ Mon Jul 20 07:33:16 UTC 2026
// 重构日志: fd85d199
// 重构日志: cf32d67d
// 重构日志: c0503cab
// 重构日志: 53b82951
// 重构日志: 706e6c5f
// 同步 ID: 563165f9 @ Wed Jul 22 12:48:44 UTC 2026
// 重构日志: a313ca23
// 重构日志: dce37e3f
// 重构日志: d3b262c2
// 同步 ID: 263d5540 @ Thu Jul 23 17:44:58 UTC 2026
